2 193 175
4 93 115 100 183
7 24 222 118 199 66 52 130
2 278 132
4 3 192 17 274
5 45 231 270 211 165
7 7 286 86 291 46 169 2
8 122 26 191 51 120 186 9 84
5 30 251 69 77 247
5 172 64 90 235 149
4 281 194 178 173
6 299 263 117 229 279 49
5 228 71 47 143 151
5 61 255 280 1 153
6 209 31 55 37 189 208
8 109 22 147 238 292 262 240 257
5 99 230 182 78 135
4 250 297 97 233
6 248 266 176 155 154 94
7 44 268 253 264 104 126 123
8 113 29 254 283 20 215 206 293
6 58 195 23 124 252 256
5 136 139 289 223 272
4 108 35 145 141
4 14 81 5 142
6 163 237 76 287 205 43
9 168 134 56 166 269 6 138 106 12
4 177 160 131 67
9 129 128 82 157 298 190 70 112 152
13 210 187 53 28 174 202 158 197 25 201 16 196 288
8 161 38 232 40 239 236 219 59
8 105 125 224 50 42 119 181 265
9 227 91 188 39 241 170 73 83 10
10 171 267 57 79 102 111 207 48 101 98
6 60 200 245 217 89 242
7 167 72 218 225 32 27 140
3 290 295 114
6 273 74 277 204 146 258
3 4 198 243
6 13 144 226 21 284 11
6 164 107 18 96 121 68
8 296 220 137 15 285 244 282 271
8 34 110 246 203 261 63 214 185
3 133 19 156
3 62 150 213
1 95
2 127 260
2 294 162
2 148 159
1 92
4 184 8 85 276
4 0 87 88 249
2 103 75
3 275 116 259
2 41 212
1 80
1 216
1 180
1 54
0
0
0
0
0
0
0
0
0
0
0
0
0
0
0
0
0
0
0
0
0
0
0
0
0
0
0
0
0
0
0
0
0
0
0
0
0
0
0
0
0
